STEP translation to Solid Edge
Date: Friday,November 25,2022 12:52PM
Source File: C:\Users\emmett\Desktop\OpenRPNCalc\Hardware\calc-v2\3d-models\PCB_Board\calc-v2.step
Author: Pcbnew
Organization: Kicad
Source System: KiCad to STEP converter

Hardware:
Processor: AMD Ryzen 9 5900X 12-Core Processor            
Operating System: Windows 10 Professional Version:22H2 Build:19045 System Type:64-bit
Installed Memory: 15.92 GB

Software Information
Parasolid Version: 35.0.149
PSBodyShop Version: 35.0.82
Step Adapter Version: 11.0.82
Solid Edge Version: 223.00.00.101 x64

Step Import Options
Import Faceted Bodies: On
Import Check Bodies: Off
Import Curves: On
Import DoNotSave: On
Import Multiple Bodies As Single Part File: On
Import Stitch Surfaces: On
Import Boolean Solids: On
Make Base Feature: On
Simplify Geometry: On
Import Imprint Curves: On
Import Drive: C:
Import Stitch Surfaces: On
Import Surfaces: On
Import Output Path: C:\Users\emmett\Desktop\OpenRPNCalc\Hardware\calc-v2\3d-models\PCB_Board
Import Enable Default Output Path: On
Import PMI: Off
Import As Internal Components: Off
Import Path: 

Translating to Parasolid data types...
+Begin Assembly: 1
+Created SE Assembly File C:\Users\emmett\Desktop\OpenRPNCalc\Hardware\calc-v2\3d-models\PCB_Board\calc-v2.asm
|--+Begin Assembly: 2
|--+Created SE Assembly File C:\Users\emmett\Desktop\OpenRPNCalc\Hardware\calc-v2\3d-models\PCB_Board\EVQ-Q2B01W_0.asm
|  |--+Created SE Part File C:\Users\emmett\Desktop\OpenRPNCalc\Hardware\calc-v2\3d-models\PCB_Board\SOLID_7.par
|--+Total Parts: 2
|--+Assemblies: 0
|--+Solid Bodies: 2
|--+Sheet Bodies: 0
|--+End Assembly: 2
|--+Begin Assembly: 2
|--+Reusing File C:\Users\emmett\Desktop\OpenRPNCalc\Hardware\calc-v2\3d-models\PCB_Board\EVQ-Q2B01W.asm
|--+Total Parts: 0
|--+Assemblies: 0
|--+Solid Bodies: 0
|--+Sheet Bodies: 0
|--+End Assembly: 2
|--+Begin Assembly: 2
|--+Reusing File C:\Users\emmett\Desktop\OpenRPNCalc\Hardware\calc-v2\3d-models\PCB_Board\EVQ-Q2B01W.asm
|--+Total Parts: 0
|--+Assemblies: 0
|--+Solid Bodies: 0
|--+Sheet Bodies: 0
|--+End Assembly: 2
|--+Begin Assembly: 2
|--+Reusing File C:\Users\emmett\Desktop\OpenRPNCalc\Hardware\calc-v2\3d-models\PCB_Board\EVQ-Q2B01W.asm
|--+Total Parts: 0
|--+Assemblies: 0
|--+Solid Bodies: 0
|--+Sheet Bodies: 0
|--+End Assembly: 2
|--+Begin Assembly: 2
|--+Reusing File C:\Users\emmett\Desktop\OpenRPNCalc\Hardware\calc-v2\3d-models\PCB_Board\EVQ-Q2B01W.asm
|--+Total Parts: 0
|--+Assemblies: 0
|--+Solid Bodies: 0
|--+Sheet Bodies: 0
|--+End Assembly: 2
|--+Begin Assembly: 2
|--+Reusing File C:\Users\emmett\Desktop\OpenRPNCalc\Hardware\calc-v2\3d-models\PCB_Board\EVQ-Q2B01W.asm
|--+Total Parts: 0
|--+Assemblies: 0
|--+Solid Bodies: 0
|--+Sheet Bodies: 0
|--+End Assembly: 2
|--+Begin Assembly: 2
|--+Reusing File C:\Users\emmett\Desktop\OpenRPNCalc\Hardware\calc-v2\3d-models\PCB_Board\EVQ-Q2B01W.asm
|--+Total Parts: 0
|--+Assemblies: 0
|--+Solid Bodies: 0
|--+Sheet Bodies: 0
|--+End Assembly: 2
|--+Begin Assembly: 2
|--+Reusing File C:\Users\emmett\Desktop\OpenRPNCalc\Hardware\calc-v2\3d-models\PCB_Board\EVQ-Q2B01W.asm
|--+Total Parts: 0
|--+Assemblies: 0
|--+Solid Bodies: 0
|--+Sheet Bodies: 0
|--+End Assembly: 2
|--+Begin Assembly: 2
|--+Reusing File C:\Users\emmett\Desktop\OpenRPNCalc\Hardware\calc-v2\3d-models\PCB_Board\EVQ-Q2B01W.asm
|--+Total Parts: 0
|--+Assemblies: 0
|--+Solid Bodies: 0
|--+Sheet Bodies: 0
|--+End Assembly: 2
|--+Begin Assembly: 2
|--+Reusing File C:\Users\emmett\Desktop\OpenRPNCalc\Hardware\calc-v2\3d-models\PCB_Board\EVQ-Q2B01W.asm
|--+Total Parts: 0
|--+Assemblies: 0
|--+Solid Bodies: 0
|--+Sheet Bodies: 0
|--+End Assembly: 2
|--+Begin Assembly: 2
|--+Reusing File C:\Users\emmett\Desktop\OpenRPNCalc\Hardware\calc-v2\3d-models\PCB_Board\EVQ-Q2B01W.asm
|--+Total Parts: 0
|--+Assemblies: 0
|--+Solid Bodies: 0
|--+Sheet Bodies: 0
|--+End Assembly: 2
|--+Begin Assembly: 2
|--+Reusing File C:\Users\emmett\Desktop\OpenRPNCalc\Hardware\calc-v2\3d-models\PCB_Board\EVQ-Q2B01W.asm
|--+Total Parts: 0
|--+Assemblies: 0
|--+Solid Bodies: 0
|--+Sheet Bodies: 0
|--+End Assembly: 2
|--+Begin Assembly: 2
|--+Reusing File C:\Users\emmett\Desktop\OpenRPNCalc\Hardware\calc-v2\3d-models\PCB_Board\EVQ-Q2B01W.asm
|--+Total Parts: 0
|--+Assemblies: 0
|--+Solid Bodies: 0
|--+Sheet Bodies: 0
|--+End Assembly: 2
|--+Begin Assembly: 2
|--+Reusing File C:\Users\emmett\Desktop\OpenRPNCalc\Hardware\calc-v2\3d-models\PCB_Board\EVQ-Q2B01W.asm
|--+Total Parts: 0
|--+Assemblies: 0
|--+Solid Bodies: 0
|--+Sheet Bodies: 0
|--+End Assembly: 2
|--+Begin Assembly: 2
|--+Reusing File C:\Users\emmett\Desktop\OpenRPNCalc\Hardware\calc-v2\3d-models\PCB_Board\EVQ-Q2B01W.asm
|--+Total Parts: 0
|--+Assemblies: 0
|--+Solid Bodies: 0
|--+Sheet Bodies: 0
|--+End Assembly: 2
|--+Begin Assembly: 2
|--+Reusing File C:\Users\emmett\Desktop\OpenRPNCalc\Hardware\calc-v2\3d-models\PCB_Board\EVQ-Q2B01W.asm
|--+Total Parts: 0
|--+Assemblies: 0
|--+Solid Bodies: 0
|--+Sheet Bodies: 0
|--+End Assembly: 2
|--+Begin Assembly: 2
|--+Reusing File C:\Users\emmett\Desktop\OpenRPNCalc\Hardware\calc-v2\3d-models\PCB_Board\EVQ-Q2B01W.asm
|--+Total Parts: 0
|--+Assemblies: 0
|--+Solid Bodies: 0
|--+Sheet Bodies: 0
|--+End Assembly: 2
|--+Begin Assembly: 2
|--+Reusing File C:\Users\emmett\Desktop\OpenRPNCalc\Hardware\calc-v2\3d-models\PCB_Board\EVQ-Q2B01W.asm
|--+Total Parts: 0
|--+Assemblies: 0
|--+Solid Bodies: 0
|--+Sheet Bodies: 0
|--+End Assembly: 2
|--+Begin Assembly: 2
|--+Reusing File C:\Users\emmett\Desktop\OpenRPNCalc\Hardware\calc-v2\3d-models\PCB_Board\EVQ-Q2B01W.asm
|--+Total Parts: 0
|--+Assemblies: 0
|--+Solid Bodies: 0
|--+Sheet Bodies: 0
|--+End Assembly: 2
|--+Begin Assembly: 2
|--+Reusing File C:\Users\emmett\Desktop\OpenRPNCalc\Hardware\calc-v2\3d-models\PCB_Board\EVQ-Q2B01W.asm
|--+Total Parts: 0
|--+Assemblies: 0
|--+Solid Bodies: 0
|--+Sheet Bodies: 0
|--+End Assembly: 2
|--+Begin Assembly: 2
|--+Reusing File C:\Users\emmett\Desktop\OpenRPNCalc\Hardware\calc-v2\3d-models\PCB_Board\EVQ-Q2B01W.asm
|--+Total Parts: 0
|--+Assemblies: 0
|--+Solid Bodies: 0
|--+Sheet Bodies: 0
|--+End Assembly: 2
|--+Begin Assembly: 2
|--+Reusing File C:\Users\emmett\Desktop\OpenRPNCalc\Hardware\calc-v2\3d-models\PCB_Board\EVQ-Q2B01W.asm
|--+Total Parts: 0
|--+Assemblies: 0
|--+Solid Bodies: 0
|--+Sheet Bodies: 0
|--+End Assembly: 2
|--+Begin Assembly: 2
|--+Reusing File C:\Users\emmett\Desktop\OpenRPNCalc\Hardware\calc-v2\3d-models\PCB_Board\EVQ-Q2B01W.asm
|--+Total Parts: 0
|--+Assemblies: 0
|--+Solid Bodies: 0
|--+Sheet Bodies: 0
|--+End Assembly: 2
|--+Begin Assembly: 2
|--+Reusing File C:\Users\emmett\Desktop\OpenRPNCalc\Hardware\calc-v2\3d-models\PCB_Board\EVQ-Q2B01W.asm
|--+Total Parts: 0
|--+Assemblies: 0
|--+Solid Bodies: 0
|--+Sheet Bodies: 0
|--+End Assembly: 2
|--+Begin Assembly: 2
|--+Reusing File C:\Users\emmett\Desktop\OpenRPNCalc\Hardware\calc-v2\3d-models\PCB_Board\EVQ-Q2B01W.asm
|--+Total Parts: 0
|--+Assemblies: 0
|--+Solid Bodies: 0
|--+Sheet Bodies: 0
|--+End Assembly: 2
|--+Begin Assembly: 2
|--+Reusing File C:\Users\emmett\Desktop\OpenRPNCalc\Hardware\calc-v2\3d-models\PCB_Board\EVQ-Q2B01W.asm
|--+Total Parts: 0
|--+Assemblies: 0
|--+Solid Bodies: 0
|--+Sheet Bodies: 0
|--+End Assembly: 2
|--+Begin Assembly: 2
|--+Reusing File C:\Users\emmett\Desktop\OpenRPNCalc\Hardware\calc-v2\3d-models\PCB_Board\EVQ-Q2B01W.asm
|--+Total Parts: 0
|--+Assemblies: 0
|--+Solid Bodies: 0
|--+Sheet Bodies: 0
|--+End Assembly: 2
|--+Begin Assembly: 2
|--+Reusing File C:\Users\emmett\Desktop\OpenRPNCalc\Hardware\calc-v2\3d-models\PCB_Board\EVQ-Q2B01W.asm
|--+Total Parts: 0
|--+Assemblies: 0
|--+Solid Bodies: 0
|--+Sheet Bodies: 0
|--+End Assembly: 2
|--+Begin Assembly: 2
|--+Reusing File C:\Users\emmett\Desktop\OpenRPNCalc\Hardware\calc-v2\3d-models\PCB_Board\EVQ-Q2B01W.asm
|--+Total Parts: 0
|--+Assemblies: 0
|--+Solid Bodies: 0
|--+Sheet Bodies: 0
|--+End Assembly: 2
|--+Begin Assembly: 2
|--+Reusing File C:\Users\emmett\Desktop\OpenRPNCalc\Hardware\calc-v2\3d-models\PCB_Board\EVQ-Q2B01W.asm
|--+Total Parts: 0
|--+Assemblies: 0
|--+Solid Bodies: 0
|--+Sheet Bodies: 0
|--+End Assembly: 2
|--+Begin Assembly: 2
|--+Reusing File C:\Users\emmett\Desktop\OpenRPNCalc\Hardware\calc-v2\3d-models\PCB_Board\EVQ-Q2B01W.asm
|--+Total Parts: 0
|--+Assemblies: 0
|--+Solid Bodies: 0
|--+Sheet Bodies: 0
|--+End Assembly: 2
|--+Begin Assembly: 2
|--+Reusing File C:\Users\emmett\Desktop\OpenRPNCalc\Hardware\calc-v2\3d-models\PCB_Board\EVQ-Q2B01W.asm
|--+Total Parts: 0
|--+Assemblies: 0
|--+Solid Bodies: 0
|--+Sheet Bodies: 0
|--+End Assembly: 2
|--+Begin Assembly: 2
|--+Reusing File C:\Users\emmett\Desktop\OpenRPNCalc\Hardware\calc-v2\3d-models\PCB_Board\EVQ-Q2B01W.asm
|--+Total Parts: 0
|--+Assemblies: 0
|--+Solid Bodies: 0
|--+Sheet Bodies: 0
|--+End Assembly: 2
|--+Begin Assembly: 2
|--+Reusing File C:\Users\emmett\Desktop\OpenRPNCalc\Hardware\calc-v2\3d-models\PCB_Board\EVQ-Q2B01W.asm
|--+Total Parts: 0
|--+Assemblies: 0
|--+Solid Bodies: 0
|--+Sheet Bodies: 0
|--+End Assembly: 2
|--+Begin Assembly: 2
|--+Reusing File C:\Users\emmett\Desktop\OpenRPNCalc\Hardware\calc-v2\3d-models\PCB_Board\EVQ-Q2B01W.asm
|--+Total Parts: 0
|--+Assemblies: 0
|--+Solid Bodies: 0
|--+Sheet Bodies: 0
|--+End Assembly: 2
|--+Begin Assembly: 2
|--+Reusing File C:\Users\emmett\Desktop\OpenRPNCalc\Hardware\calc-v2\3d-models\PCB_Board\EVQ-Q2B01W.asm
|--+Total Parts: 0
|--+Assemblies: 0
|--+Solid Bodies: 0
|--+Sheet Bodies: 0
|--+End Assembly: 2
|--+Begin Assembly: 2
|--+Reusing File C:\Users\emmett\Desktop\OpenRPNCalc\Hardware\calc-v2\3d-models\PCB_Board\EVQ-Q2B01W.asm
|--+Total Parts: 0
|--+Assemblies: 0
|--+Solid Bodies: 0
|--+Sheet Bodies: 0
|--+End Assembly: 2
|--+Begin Assembly: 2
|--+Reusing File C:\Users\emmett\Desktop\OpenRPNCalc\Hardware\calc-v2\3d-models\PCB_Board\EVQ-Q2B01W.asm
|--+Total Parts: 0
|--+Assemblies: 0
|--+Solid Bodies: 0
|--+Sheet Bodies: 0
|--+End Assembly: 2
|--+Begin Assembly: 2
|--+Reusing File C:\Users\emmett\Desktop\OpenRPNCalc\Hardware\calc-v2\3d-models\PCB_Board\EVQ-Q2B01W.asm
|--+Total Parts: 0
|--+Assemblies: 0
|--+Solid Bodies: 0
|--+Sheet Bodies: 0
|--+End Assembly: 2
|--+Begin Assembly: 2
|--+Reusing File C:\Users\emmett\Desktop\OpenRPNCalc\Hardware\calc-v2\3d-models\PCB_Board\EVQ-Q2B01W.asm
|--+Total Parts: 0
|--+Assemblies: 0
|--+Solid Bodies: 0
|--+Sheet Bodies: 0
|--+End Assembly: 2
|--+Begin Assembly: 2
|--+Reusing File C:\Users\emmett\Desktop\OpenRPNCalc\Hardware\calc-v2\3d-models\PCB_Board\EVQ-Q2B01W.asm
|--+Total Parts: 0
|--+Assemblies: 0
|--+Solid Bodies: 0
|--+Sheet Bodies: 0
|--+End Assembly: 2
|--+Begin Assembly: 2
|--+Reusing File C:\Users\emmett\Desktop\OpenRPNCalc\Hardware\calc-v2\3d-models\PCB_Board\EVQ-Q2B01W.asm
|--+Total Parts: 0
|--+Assemblies: 0
|--+Solid Bodies: 0
|--+Sheet Bodies: 0
|--+End Assembly: 2
|--+Begin Assembly: 2
|--+Reusing File C:\Users\emmett\Desktop\OpenRPNCalc\Hardware\calc-v2\3d-models\PCB_Board\EVQ-Q2B01W.asm
|--+Total Parts: 0
|--+Assemblies: 0
|--+Solid Bodies: 0
|--+Sheet Bodies: 0
|--+End Assembly: 2
|--+Begin Assembly: 2
|--+Reusing File C:\Users\emmett\Desktop\OpenRPNCalc\Hardware\calc-v2\3d-models\PCB_Board\EVQ-Q2B01W.asm
|--+Total Parts: 0
|--+Assemblies: 0
|--+Solid Bodies: 0
|--+Sheet Bodies: 0
|--+End Assembly: 2
|--+Begin Assembly: 2
|--+Created SE Assembly File C:\Users\emmett\Desktop\OpenRPNCalc\Hardware\calc-v2\3d-models\PCB_Board\LQFP-64_10x10mm_P0.5mm_0.asm
|  |--+Created SE Part File C:\Users\emmett\Desktop\OpenRPNCalc\Hardware\calc-v2\3d-models\PCB_Board\SOLID_8.par
|--+Total Parts: 2
|--+Assemblies: 0
|--+Solid Bodies: 2
|--+Sheet Bodies: 0
|--+End Assembly: 2
|--+Begin Assembly: 2
|--+Created SE Assembly File C:\Users\emmett\Desktop\OpenRPNCalc\Hardware\calc-v2\3d-models\PCB_Board\C_0603_1608Metric_0.asm
|  |--+Created SE Part File C:\Users\emmett\Desktop\OpenRPNCalc\Hardware\calc-v2\3d-models\PCB_Board\SOLID_9.par
|--+Total Parts: 2
|--+Assemblies: 0
|--+Solid Bodies: 2
|--+Sheet Bodies: 0
|--+End Assembly: 2
|--+Begin Assembly: 2
|--+Reusing File C:\Users\emmett\Desktop\OpenRPNCalc\Hardware\calc-v2\3d-models\PCB_Board\C_0603_1608Metric.asm
|--+Total Parts: 0
|--+Assemblies: 0
|--+Solid Bodies: 0
|--+Sheet Bodies: 0
|--+End Assembly: 2
|--+Begin Assembly: 2
|--+Created SE Assembly File C:\Users\emmett\Desktop\OpenRPNCalc\Hardware\calc-v2\3d-models\PCB_Board\D_SOD-323_0.asm
|  |--+Created SE Part File C:\Users\emmett\Desktop\OpenRPNCalc\Hardware\calc-v2\3d-models\PCB_Board\SOLID_10.par
|--+Total Parts: 2
|--+Assemblies: 0
|--+Solid Bodies: 2
|--+Sheet Bodies: 0
|--+End Assembly: 2
|--+Begin Assembly: 2
|--+Reusing File C:\Users\emmett\Desktop\OpenRPNCalc\Hardware\calc-v2\3d-models\PCB_Board\C_0603_1608Metric.asm
|--+Total Parts: 0
|--+Assemblies: 0
|--+Solid Bodies: 0
|--+Sheet Bodies: 0
|--+End Assembly: 2
|--+Begin Assembly: 2
|--+Created SE Assembly File C:\Users\emmett\Desktop\OpenRPNCalc\Hardware\calc-v2\3d-models\PCB_Board\9HT11-32.768KDZB-T_0.asm
|  |--+Created SE Part File C:\Users\emmett\Desktop\OpenRPNCalc\Hardware\calc-v2\3d-models\PCB_Board\COMPOUND_2.par
|--+Total Parts: 6
|--+Assemblies: 0
|--+Solid Bodies: 6
|--+Sheet Bodies: 0
|--+End Assembly: 2
|--+Begin Assembly: 2
|--+Reusing File C:\Users\emmett\Desktop\OpenRPNCalc\Hardware\calc-v2\3d-models\PCB_Board\C_0603_1608Metric.asm
|--+Total Parts: 0
|--+Assemblies: 0
|--+Solid Bodies: 0
|--+Sheet Bodies: 0
|--+End Assembly: 2
|--+Begin Assembly: 2
|--+Created SE Assembly File C:\Users\emmett\Desktop\OpenRPNCalc\Hardware\calc-v2\3d-models\PCB_Board\L_0805_2012Metric_0.asm
|  |--+Created SE Part File C:\Users\emmett\Desktop\OpenRPNCalc\Hardware\calc-v2\3d-models\PCB_Board\SOLID_11.par
|--+Total Parts: 2
|--+Assemblies: 0
|--+Solid Bodies: 2
|--+Sheet Bodies: 0
|--+End Assembly: 2
|--+Begin Assembly: 2
|--+Reusing File C:\Users\emmett\Desktop\OpenRPNCalc\Hardware\calc-v2\3d-models\PCB_Board\C_0603_1608Metric.asm
|--+Total Parts: 0
|--+Assemblies: 0
|--+Solid Bodies: 0
|--+Sheet Bodies: 0
|--+End Assembly: 2
|--+Begin Assembly: 2
|--+Reusing File C:\Users\emmett\Desktop\OpenRPNCalc\Hardware\calc-v2\3d-models\PCB_Board\C_0603_1608Metric.asm
|--+Total Parts: 0
|--+Assemblies: 0
|--+Solid Bodies: 0
|--+Sheet Bodies: 0
|--+End Assembly: 2
|--+Begin Assembly: 2
|--+Reusing File C:\Users\emmett\Desktop\OpenRPNCalc\Hardware\calc-v2\3d-models\PCB_Board\C_0603_1608Metric.asm
|--+Total Parts: 0
|--+Assemblies: 0
|--+Solid Bodies: 0
|--+Sheet Bodies: 0
|--+End Assembly: 2
|--+Begin Assembly: 2
|--+Created SE Assembly File C:\Users\emmett\Desktop\OpenRPNCalc\Hardware\calc-v2\3d-models\PCB_Board\1057_0.asm
|  |--+Created SE Part File C:\Users\emmett\Desktop\OpenRPNCalc\Hardware\calc-v2\3d-models\PCB_Board\SOLID_12.par
|--+Total Parts: 2
|--+Assemblies: 0
|--+Solid Bodies: 2
|--+Sheet Bodies: 0
|--+End Assembly: 2
|--+Begin Assembly: 2
|--+Reusing File C:\Users\emmett\Desktop\OpenRPNCalc\Hardware\calc-v2\3d-models\PCB_Board\C_0603_1608Metric.asm
|--+Total Parts: 0
|--+Assemblies: 0
|--+Solid Bodies: 0
|--+Sheet Bodies: 0
|--+End Assembly: 2
|--+Begin Assembly: 2
|--+Reusing File C:\Users\emmett\Desktop\OpenRPNCalc\Hardware\calc-v2\3d-models\PCB_Board\L_0805_2012Metric.asm
|--+Total Parts: 0
|--+Assemblies: 0
|--+Solid Bodies: 0
|--+Sheet Bodies: 0
|--+End Assembly: 2
|--+Begin Assembly: 2
|--+Reusing File C:\Users\emmett\Desktop\OpenRPNCalc\Hardware\calc-v2\3d-models\PCB_Board\C_0603_1608Metric.asm
|--+Total Parts: 0
|--+Assemblies: 0
|--+Solid Bodies: 0
|--+Sheet Bodies: 0
|--+End Assembly: 2
|--+Begin Assembly: 2
|--+Reusing File C:\Users\emmett\Desktop\OpenRPNCalc\Hardware\calc-v2\3d-models\PCB_Board\C_0603_1608Metric.asm
|--+Total Parts: 0
|--+Assemblies: 0
|--+Solid Bodies: 0
|--+Sheet Bodies: 0
|--+End Assembly: 2
|--+Begin Assembly: 2
|--+Reusing File C:\Users\emmett\Desktop\OpenRPNCalc\Hardware\calc-v2\3d-models\PCB_Board\C_0603_1608Metric.asm
|--+Total Parts: 0
|--+Assemblies: 0
|--+Solid Bodies: 0
|--+Sheet Bodies: 0
|--+End Assembly: 2
|--+Begin Assembly: 2
|--+Reusing File C:\Users\emmett\Desktop\OpenRPNCalc\Hardware\calc-v2\3d-models\PCB_Board\C_0603_1608Metric.asm
|--+Total Parts: 0
|--+Assemblies: 0
|--+Solid Bodies: 0
|--+Sheet Bodies: 0
|--+End Assembly: 2
|--+Begin Assembly: 2
|--+Reusing File C:\Users\emmett\Desktop\OpenRPNCalc\Hardware\calc-v2\3d-models\PCB_Board\C_0603_1608Metric.asm
|--+Total Parts: 0
|--+Assemblies: 0
|--+Solid Bodies: 0
|--+Sheet Bodies: 0
|--+End Assembly: 2
|--+Begin Assembly: 2
|--+Reusing File C:\Users\emmett\Desktop\OpenRPNCalc\Hardware\calc-v2\3d-models\PCB_Board\D_SOD-323.asm
|--+Total Parts: 0
|--+Assemblies: 0
|--+Solid Bodies: 0
|--+Sheet Bodies: 0
|--+End Assembly: 2
|--+Begin Assembly: 2
|--+Reusing File C:\Users\emmett\Desktop\OpenRPNCalc\Hardware\calc-v2\3d-models\PCB_Board\C_0603_1608Metric.asm
|--+Total Parts: 0
|--+Assemblies: 0
|--+Solid Bodies: 0
|--+Sheet Bodies: 0
|--+End Assembly: 2
|--+Begin Assembly: 2
|--+Reusing File C:\Users\emmett\Desktop\OpenRPNCalc\Hardware\calc-v2\3d-models\PCB_Board\C_0603_1608Metric.asm
|--+Total Parts: 0
|--+Assemblies: 0
|--+Solid Bodies: 0
|--+Sheet Bodies: 0
|--+End Assembly: 2
|--+Begin Assembly: 2
|--+Created SE Assembly File C:\Users\emmett\Desktop\OpenRPNCalc\Hardware\calc-v2\3d-models\PCB_Board\PinHeader_1x05_P2.54mm_Horizontal_0.asm
|  |--+Created SE Part File C:\Users\emmett\Desktop\OpenRPNCalc\Hardware\calc-v2\3d-models\PCB_Board\SOLID_13.par
|--+Total Parts: 2
|--+Assemblies: 0
|--+Solid Bodies: 2
|--+Sheet Bodies: 0
|--+End Assembly: 2
|--+Begin Assembly: 2
|--+Created SE Assembly File C:\Users\emmett\Desktop\OpenRPNCalc\Hardware\calc-v2\3d-models\PCB_Board\F930J227KBA_0.asm
|  |--+Created SE Part File C:\Users\emmett\Desktop\OpenRPNCalc\Hardware\calc-v2\3d-models\PCB_Board\COMPOUND_3.par
|--+Total Parts: 6
|--+Assemblies: 0
|--+Solid Bodies: 6
|--+Sheet Bodies: 0
|--+End Assembly: 2
|--+Begin Assembly: 2
|--+Reusing File C:\Users\emmett\Desktop\OpenRPNCalc\Hardware\calc-v2\3d-models\PCB_Board\L_0805_2012Metric.asm
|--+Total Parts: 0
|--+Assemblies: 0
|--+Solid Bodies: 0
|--+Sheet Bodies: 0
|--+End Assembly: 2
|--+Begin Assembly: 2
|--+Reusing File C:\Users\emmett\Desktop\OpenRPNCalc\Hardware\calc-v2\3d-models\PCB_Board\C_0603_1608Metric.asm
|--+Total Parts: 0
|--+Assemblies: 0
|--+Solid Bodies: 0
|--+Sheet Bodies: 0
|--+End Assembly: 2
|--+Begin Assembly: 2
|--+Created SE Assembly File C:\Users\emmett\Desktop\OpenRPNCalc\Hardware\calc-v2\3d-models\PCB_Board\FH28-10S-0.5SH_11__0.asm
|  |--+Created SE Part File C:\Users\emmett\Desktop\OpenRPNCalc\Hardware\calc-v2\3d-models\PCB_Board\COMPOUND_4.par
|--+Total Parts: 26
|--+Assemblies: 0
|--+Solid Bodies: 26
|--+Sheet Bodies: 0
|--+End Assembly: 2
|--+Begin Assembly: 2
|--+Created SE Assembly File C:\Users\emmett\Desktop\OpenRPNCalc\Hardware\calc-v2\3d-models\PCB_Board\SOT-363_SC-70-6_0.asm
|  |--+Created SE Part File C:\Users\emmett\Desktop\OpenRPNCalc\Hardware\calc-v2\3d-models\PCB_Board\SOLID_14.par
|--+Total Parts: 2
|--+Assemblies: 0
|--+Solid Bodies: 2
|--+Sheet Bodies: 0
|--+End Assembly: 2
|--+Begin Assembly: 2
|--+Reusing File C:\Users\emmett\Desktop\OpenRPNCalc\Hardware\calc-v2\3d-models\PCB_Board\EVQ-Q2B01W.asm
|--+Total Parts: 0
|--+Assemblies: 0
|--+Solid Bodies: 0
|--+Sheet Bodies: 0
|--+End Assembly: 2
|--+Begin Assembly: 2
|--+Reusing File C:\Users\emmett\Desktop\OpenRPNCalc\Hardware\calc-v2\3d-models\PCB_Board\C_0603_1608Metric.asm
|--+Total Parts: 0
|--+Assemblies: 0
|--+Solid Bodies: 0
|--+Sheet Bodies: 0
|--+End Assembly: 2
|--+Created SE Part File C:\Users\emmett\Desktop\OpenRPNCalc\Hardware\calc-v2\3d-models\PCB_Board\calc-v2 PCB_0.par
+Total Parts: 13
+Assemblies: 11
+Solid Bodies: 2
+Sheet Bodies: 0
+End Assembly: 1
Translation process completed
Total time required to translate and post process:00 : 00 : 07
